<?xml version="1.0" encoding="UTF-8"?>
<!-- Generated by org.testng.reporters.JUnitReportReporter -->
<testsuite hostname="DESKTOP-KJIAF0E" failures="0" tests="1" name="testRunner.Runner" time="320.268" errors="0" timestamp="2023-09-08T18:22:34 IST" skipped="0">
  <testcase classname="testRunner.Runner" name="runScenario" time="320.268"/>
  <system-out/>
</testsuite> <!-- testRunner.Runner -->
